ACBF_cleanup.exe
activation.exe
ActivationUI.exe
Activator.exe
AH-GameDetected.exe
AH-GameDetector.exe
AH-IdleCheck.exe
AH-Wallpaper.exe
al.exe
Alice Madness Returns_code.exe
AppData.exe
appid_10540.exe
appid_10560.exe
appid_17300.exe
appid_17330.exe
appid_17340.exe
appid_6510.exe
appid_6520.exe
Archive.exe
archiver.exe
AssetProcessTool2.exe
audiodg.exe
autohotkey.exe
automated_launch.exe
AutoReporter.exe
Autorun.exe
AviSynth_130918.exe
awesomium_pak_utility.exe
awesomium_process.exe
backgroundTaskHost.exe
BagEditCommunity.exe
Battle.net Helper.exe
Battle.net Launcher.exe
Battle.net.exe
battlelog-web-plugins.exe
beatdown.exe
beattracker.exe
benchmarkparser.exe
BEService_x64.exe
bf1Trial.exe
bgeometry.exe
bimage.exe
BlizzardError.exe
blu_ue4_process.exe
BodySlide x64.exe
BodySlide.exe
booc.exe
BorderlessGaming.exe
bspzip.exe
BsSndRpt.exe
BsSndRpt64.exe
Builder.exe
CaptiveAppEntry.exe
chkedt.exe
chrome.exe
ChunkFileConverter.exe
ClassicStartMenu.exe
cleaner.exe
Cleanup.exe
clwireg.exe
clwireg_ia64.exe
clwireg_x64.exe
cmd.exe
cmdhost.exe
CoherentUI_Host.exe
conhost.exe
consent.exe
csharp.exe
csrss.exe
dasHost.exe
DataCleaner.exe
Debugger.exe
DeleteTemp.exe
demoinfo.exe
Discord.exe
dllhost.exe
dmxconvert.exe
dmxedit.exe
DSCM.exe
dwm.exe
EAC.exe
EACoreServer.exe
EAProxyInstaller.exe
easyanticheat.exe
egui.exe
ekrn.exe
elementviewer.exe
eu4_server.exe
explorer.exe
Fallout3 - Garden of Eden Creation Kit.exe
FEZ_LaunchOptions.exe
ffmpeg.exe
firewall.exe
fmod_designercl.exe
focus.exe
fontdrvhost.exe
gacutil.exe
GameBarPresenceWriter.exe
GameOverlayUI.exe
GameplayProfiler.exe
GDF.exe
GDF_rem.exe
GEFirewall.exe
GEFirewall_rem.exe
Generals_eReg.exe
GetGameToken32.exe
GetGameToken64.exe
glewinfo.exe
glview.exe
gmcs.exe
go_ez.exe
GoodSync-v10.exe
GoogleCrashHandler.exe
GoogleCrashHandler64.exe
GoogleUpdate.exe
gs-server.exe
gta4Browser.exe
gtaEncoder.exe
hammer.exe
HardwareReporter.exe
Hedgehog.exe
Hedgehog.vshost.exe
height2normal.exe
height2ssbump.exe
hellovr_sdl.exe
HeroesWeb.exe
hh.exe
hlfaceposer.exe
hlmv.exe
html5app_steam.exe
html_plugin_window.exe
httpcfg.exe
igfxCUIService.exe
igoproxy.exe
igoproxy64.exe
ilasm.exe
InsHelper.exe
installagent.exe
inXile Razer Driver.exe
jabswitch.exe
jjs.exe
jqs.exe
KB971512-x64.exe
KB971512-x86.exe
keytool.exe
kinit.exe
klist.exe
ktab.exe
LaunchPad.exe
lc.exe
LCore.exe
lighthouse_console.exe
lighthouse_watchman_update.exe
Loader64.exe
LocationNotificationWindows.exe
Login.exe
LogiRegistryService.exe
lsass.exe
luac.exe
luac_x64.exe
MachineIdentifier.exe
MakeAppXml.exe
MakeMAP.exe
MakeObj.exe
MakeScenesImage.exe
MakeSTB.exe
MakeTRN.exe
MakeZFS.exe
mcpp.exe
mDNSResponder.exe
mdoc.exe
MegaFile.exe
MegaTexture.exe
MemLeakCheckDiffer.exe
MessageDlg.exe
mkbundle.exe
mksheet.exe
MobileShaderAnalyzer.exe
ModelBaker.exe
ModTools.exe
mono-api-info.exe
mono-service.exe
mono-shlib-cop.exe
mono-xmltool.exe
mono.exe
monolinker.exe
monop.exe
motionmapper.exe
MSASCuiL.exe
NDP451-KB2872776-x86-x64-AllOS-ENU.exe
NDP46-KB3045557-x86-x64-AllOS-ENU.exe
netsh.exe
NetworkProfiler.exe
NewHB_Space.exe
NifCleaner.exe
normal2ssbump.exe
notepad++.exe
notepad.exe
nunit-console.exe
nvcompress.exe
nvcontainer.exe
NVDisplay.Container.exe
NVIDIA Share.exe
NVIDIA Web Helper.exe
NvOAWrapperCache.exe
NvProfileFixer.exe
nvspcaps64.exe
nvsphelper64.exe
nvstreamuseragent.exe
NvTelemetryContainer.exe
nvtray.exe
OAWrapper.exe
OpenRA.Utility.exe
OptimusFix.exe
orbd.exe
Origin.exe
OriginClientService.exe
OriginCrashReporter.exe
OriginER.exe
OriginLegacyCLI.exe
OriginThinSetupInternal.exe
OriginUninstall.exe
OriginWebHelperService.exe
overlay_viewer.exe
Overview.exe
Overwolf.exe
OverwolfBrowser.exe
OverwolfHelper.exe
OverwolfHelper64.exe
P4PopulateDepot.exe
pack200.exe
PackageDiffFrontEnd.exe
papadump.exe
papatran.exe
ParticleTrimmer.exe
PatchProgress.exe
pbsvc.exe
pbsvc_fc3.exe
pbsvc_hos.exe
pdb2mdb.exe
pfm2tgas.exe
PGAssetViewer.exe
PGTextureBuilder.exe
PhysX_9.08.14_9.09.0814_SystemSoftware.exe
PhysX_9.09.0408_SystemSoftware.exe
PhysX_SystemSoftware.exe
policytool.exe
PrePopulateCache.exe
PresentationFontCache.exe
Prismatik.exe
Prison Architect Safe Mode.exe
PVRTexTool.exe
qc_eyes.exe
QtWebEngineProcess.exe
RabbitMQ.Client.Apigen.exe
Rainmeter.exe
redshift.exe
RegVideoDLL.exe
RemindersServer.exe
RemoteShutdown.exe
removeusbhelper.exe
resgen.exe
restarthelper.exe
rmid.exe
rmiregistry.exe
RPCUtility.exe
rundll32.exe
RuntimeBroker.exe
SC2Switcher.exe
SC2Switcher_x64.exe
ScriptTest.exe
SearchFilterHost.exe
SearchIndexer.exe
SearchProtocolHost.exe
SearchUI.exe
SecurityHealthService.exe
server.exe
servertool.exe
services.exe
SettingSyncHost.exe
sgen.exe
ShaderKeyTool.exe
Shairport4w.exe
ShellExperienceHost.exe
sihost.exe
skse_loader.exe
smartscreen.exe
smcs.exe
smss.exe
SniperElite4.exe
SoundInfo.exe
Space.exe
SplashScreen.exe
splitskybox.exe
spoolsv.exe
Spotify.exe
SpotifyWebHelper.exe
sppsvc.exe
sqlmetal.exe
sqlsharp.exe
ssvagent.exe
starwarsbattlefronttrial.exe
StatsComparison.exe
StatsThreshold.exe
Steam.exe
steam_monitor.exe
SteamActivation.exe
steamerrorreporter.exe
steamerrorreporter64.exe
SteamLanguageHelper.exe
SteamService.exe
steamwebhelper.exe
Storyteller.exe
streaming_client.exe
studiomdl.exe
SUPERHOT.vshost.exe
svchost.exe
svcutil.exe
SwarmAgent.exe
SwarmCoordinator.exe
SystemSurvey.exe
Tabletopia.Client.Steam.Observer.exe
TagesClient.exe
taskhostw.exe
Taskmgr.exe
TechSupport.exe
TexBlend.exe
TheCrewManual.exe
TheCrewReadme.exe
TheCrewRegister.exe
tnameserv.exe
Touchup.exe
UbisoftGameLauncher.exe
UbisoftGameLauncher64.exe
UDKLift.exe
umdf.exe
unins000.exe
uninstall.exe
unpack200.exe
Unravel_trial.exe
UnrealCEFSubProcess.exe
UnrealCommand.exe
UnrealConsole.exe
UnrealLightmass.exe
UnrealLoc.exe
UNWISE.EXE
upc.exe
UpdateTool.exe
Uplay.exe
uplay_unins.exe
UplayCrashReporter.exe
UplayService.exe
UplayWebCore.exe
Uploader.exe
us.exe
USBDeview.exe
userContentManager.exe
userinit.exe
UWKProcess.exe
vbsp.exe
vbspinfo.exe
vconsole2.exe
vcredist_x64.exe
vcredist_x64_vs2010.exe
vcredist_x86.exe
vcredist_x86_vs2010.exe
vista_update32.exe
vista_update64.exe
vivebtdriver.exe
vivelink.exe
vivetools.exe
vpk.exe
vrad.exe
vrcmd.exe
vrcompositor.exe
vrdashboard.exe
vrmonitor.exe
vrpathreg.exe
vrserver.exe
vtex.exe
vtf2tga.exe
vvis.exe
WatchDog.exe
WatchDog64.exe
WebBrowserProxy.exe
WFTO.exe
WIC_x64_enu.exe
WIC_x86_enu.exe
windowssecuritycenter.exe
wininit.exe
winlogon.exe
WMFDist11-WindowsXP-X86-ENU.exe
wmfdist11.exe
WmiPrvSE.exe
WMITest.exe
wmpappcompat.exe
wow_helper.exe
WriteMiniDump.exe
wsdl.exe
x64launcher.exe
x86launcher.exe
xbuild.exe
XLiveUpdate.exe
XPSEPSC-amd64-en-US.exe
XPSEPSC-x86-en-US.exe
xsd.exe
xvid.exe
testing.exe
testing2.exe
